IMLib/build/outputs/logs/manifest-merger-debug-report.txt
-- Merging decision tree log ---
manifest
ADDED from GameANDMakeFriend\IMLib\AndroidManifest.xml:1:1-83:12
INJECTED from GameANDMakeFriend\IMLib\AndroidManifest.xml:1:1-83:12
INJECTED from GameANDMakeFriend\IMLib\AndroidManifest.xml:1:1-83:12
INJECTED from GameANDMakeFriend\IMLib\AndroidManifest.xml:1:1-83:12
INJECTED from GameANDMakeFriend\IMLib\AndroidManifest.xml:1:1-83:12
INJECTED from GameANDMakeFriend\IMLib\AndroidManifest.xml:1:1-83:12
INJECTED from GameANDMakeFriend\IMLib\AndroidManifest.xml:1:1-83:12
	package
		ADDED from GameANDMakeFriend\IMLib\AndroidManifest.xml:2:5-28
		INJECTED from GameANDMakeFriend\IMLib\AndroidManifest.xml
		INJECTED from GameANDMakeFriend\IMLib\AndroidManifest.xml
	android:versionName
		INJECTED from GameANDMakeFriend\IMLib\AndroidManifest.xml
		ADDED from GameANDMakeFriend\IMLib\AndroidManifest.xml:1:1-83:12
		INJECTED from GameANDMakeFriend\IMLib\AndroidManifest.xml
	android:versionCode
		INJECTED from GameANDMakeFriend\IMLib\AndroidManifest.xml
		ADDED from GameANDMakeFriend\IMLib\AndroidManifest.xml:1:1-83:12
		INJECTED from GameANDMakeFriend\IMLib\AndroidManifest.xml
	xmlns:android
		ADDED from GameANDMakeFriend\IMLib\AndroidManifest.xml:1:11-69
uses-permission#android.permission.WRITE_EXTERNAL_STORAGE
ADDED from GameANDMakeFriend\IMLib\AndroidManifest.xml:5:5-81
	android:name
		ADDED from GameANDMakeFriend\IMLib\AndroidManifest.xml:5:22-78
uses-permission#android.permission.INTERNET
ADDED from GameANDMakeFriend\IMLib\AndroidManifest.xml:6:5-67
	android:name
		ADDED from GameANDMakeFriend\IMLib\AndroidManifest.xml:6:22-64
uses-permission#android.permission.ACCESS_NETWORK_STATE
ADDED from GameANDMakeFriend\IMLib\AndroidManifest.xml:7:5-79
	android:name
		ADDED from GameANDMakeFriend\IMLib\AndroidManifest.xml:7:22-76
uses-permission#android.permission.ACCESS_WIFI_STATE
ADDED from GameANDMakeFriend\IMLib\AndroidManifest.xml:8:5-76
	android:name
		ADDED from GameANDMakeFriend\IMLib\AndroidManifest.xml:8:22-73
uses-permission#android.permission.READ_PHONE_STATE
ADDED from GameANDMakeFriend\IMLib\AndroidManifest.xml:9:5-75
	android:name
		ADDED from GameANDMakeFriend\IMLib\AndroidManifest.xml:9:22-72
uses-permission#android.permission.RECORD_AUDIO
ADDED from GameANDMakeFriend\IMLib\AndroidManifest.xml:10:5-71
	android:name
		ADDED from GameANDMakeFriend\IMLib\AndroidManifest.xml:10:22-68
uses-permission#android.permission.GET_TASKS
ADDED from GameANDMakeFriend\IMLib\AndroidManifest.xml:11:5-68
	android:name
		ADDED from GameANDMakeFriend\IMLib\AndroidManifest.xml:11:22-65
uses-permission#android.permission.WAKE_LOCK
ADDED from GameANDMakeFriend\IMLib\AndroidManifest.xml:12:5-68
	android:name
		ADDED from GameANDMakeFriend\IMLib\AndroidManifest.xml:12:22-65
uses-permission#android.permission.MODIFY_AUDIO_SETTINGS
ADDED from GameANDMakeFriend\IMLib\AndroidManifest.xml:13:5-80
	android:name
		ADDED from GameANDMakeFriend\IMLib\AndroidManifest.xml:13:22-77
uses-permission#android.permission.VIBRATE
ADDED from GameANDMakeFriend\IMLib\AndroidManifest.xml:14:5-66
	android:name
		ADDED from GameANDMakeFriend\IMLib\AndroidManifest.xml:14:22-63
uses-permission#android.permission.ACCESS_FINE_LOCATION
ADDED from GameANDMakeFriend\IMLib\AndroidManifest.xml:15:5-79
	android:name
		ADDED from GameANDMakeFriend\IMLib\AndroidManifest.xml:15:22-76
uses-permission#android.permission.RECEIVE_BOOT_COMPLETED
ADDED from GameANDMakeFriend\IMLib\AndroidManifest.xml:16:5-81
	android:name
		ADDED from GameANDMakeFriend\IMLib\AndroidManifest.xml:16:22-78
application
ADDED from GameANDMakeFriend\IMLib\AndroidManifest.xml:18:5-81:19
meta-data#RONG_CLOUD_APP_KEY
ADDED from GameANDMakeFriend\IMLib\AndroidManifest.xml:21:9-23:45
	android:value
		ADDED from GameANDMakeFriend\IMLib\AndroidManifest.xml:23:13-42
	android:name
		ADDED from GameANDMakeFriend\IMLib\AndroidManifest.xml:22:13-46
service#io.rong.imlib.ipc.RongService
ADDED from GameANDMakeFriend\IMLib\AndroidManifest.xml:25:9-28:38
	android:process
		ADDED from GameANDMakeFriend\IMLib\AndroidManifest.xml:28:13-35
	android:exported
		ADDED from GameANDMakeFriend\IMLib\AndroidManifest.xml:27:13-36
	android:name
		ADDED from GameANDMakeFriend\IMLib\AndroidManifest.xml:26:13-57
receiver#io.rong.imlib.ConnectChangeReceiver
ADDED from GameANDMakeFriend\IMLib\AndroidManifest.xml:30:9-32:39
	android:exported
		ADDED from GameANDMakeFriend\IMLib\AndroidManifest.xml:32:13-36
	android:name
		ADDED from GameANDMakeFriend\IMLib\AndroidManifest.xml:31:13-63
receiver#io.rong.imlib.HeartbeatReceiver
ADDED from GameANDMakeFriend\IMLib\AndroidManifest.xml:34:9-36:38
	android:process
		ADDED from GameANDMakeFriend\IMLib\AndroidManifest.xml:36:13-35
	android:name
		ADDED from GameANDMakeFriend\IMLib\AndroidManifest.xml:35:13-59
service#io.rong.push.core.PushRegistrationService
ADDED from GameANDMakeFriend\IMLib\AndroidManifest.xml:43:9-46:72
	android:exported
		ADDED from GameANDMakeFriend\IMLib\AndroidManifest.xml:45:13-36
	android:permission
		ADDED from GameANDMakeFriend\IMLib\AndroidManifest.xml:46:13-69
	android:name
		ADDED from GameANDMakeFriend\IMLib\AndroidManifest.xml:44:13-69
service#io.rong.push.core.MessageHandleService
ADDED from GameANDMakeFriend\IMLib\AndroidManifest.xml:48:9-51:72
	android:exported
		ADDED from GameANDMakeFriend\IMLib\AndroidManifest.xml:50:13-36
	android:permission
		ADDED from GameANDMakeFriend\IMLib\AndroidManifest.xml:51:13-69
	android:name
		ADDED from GameANDMakeFriend\IMLib\AndroidManifest.xml:49:13-66
service#io.rong.push.PushService
ADDED from GameANDMakeFriend\IMLib\AndroidManifest.xml:54:9-58:46
	android:process
		ADDED from GameANDMakeFriend\IMLib\AndroidManifest.xml:58:13-43
	android:exported
		ADDED from GameANDMakeFriend\IMLib\AndroidManifest.xml:56:13-36
	android:permission
		ADDED from GameANDMakeFriend\IMLib\AndroidManifest.xml:57:13-69
	android:name
		ADDED from GameANDMakeFriend\IMLib\AndroidManifest.xml:55:13-52
receiver#io.rong.push.PushReceiver
ADDED from GameANDMakeFriend\IMLib\AndroidManifest.xml:61:9-76:20
	android:process
		ADDED from GameANDMakeFriend\IMLib\AndroidManifest.xml:63:13-43
	android:name
		ADDED from GameANDMakeFriend\IMLib\AndroidManifest.xml:62:13-53
intent-filter#action:name:android.net.conn.CONNECTIVITY_CHANGE+action:name:io.rong.push.intent.action.HEART_BEAT
ADDED from GameANDMakeFriend\IMLib\AndroidManifest.xml:65:13-68:29
action#io.rong.push.intent.action.HEART_BEAT
ADDED from GameANDMakeFriend\IMLib\AndroidManifest.xml:66:17-80
	android:name
		ADDED from GameANDMakeFriend\IMLib\AndroidManifest.xml:66:25-77
action#android.net.conn.CONNECTIVITY_CHANGE
ADDED from GameANDMakeFriend\IMLib\AndroidManifest.xml:67:17-79
	android:name
		ADDED from GameANDMakeFriend\IMLib\AndroidManifest.xml:67:25-76
intent-filter#action:name:android.intent.action.ACTION_POWER_CONNECTED+action:name:android.intent.action.ACTION_POWER_DISCONNECTED+action:name:android.intent.action.USER_PRESENT
ADDED from GameANDMakeFriend\IMLib\AndroidManifest.xml:71:13-75:29
action#android.intent.action.USER_PRESENT
ADDED from GameANDMakeFriend\IMLib\AndroidManifest.xml:72:17-77
	android:name
		ADDED from GameANDMakeFriend\IMLib\AndroidManifest.xml:72:25-74
action#android.intent.action.ACTION_POWER_CONNECTED
ADDED from GameANDMakeFriend\IMLib\AndroidManifest.xml:73:17-87
	android:name
		ADDED from GameANDMakeFriend\IMLib\AndroidManifest.xml:73:25-84
action#android.intent.action.ACTION_POWER_DISCONNECTED
ADDED from GameANDMakeFriend\IMLib\AndroidManifest.xml:74:17-90
	android:name
		ADDED from GameANDMakeFriend\IMLib\AndroidManifest.xml:74:25-87
uses-sdk
INJECTED from GameANDMakeFriend\IMLib\AndroidManifest.xml reason: use-sdk injection requested
INJECTED from GameANDMakeFriend\IMLib\AndroidManifest.xml
INJECTED from GameANDMakeFriend\IMLib\AndroidManifest.xml
INJECTED from GameANDMakeFriend\IMLib\AndroidManifest.xml
INJECTED from GameANDMakeFriend\IMLib\AndroidManifest.xml
	android:targetSdkVersion
		INJECTED from GameANDMakeFriend\IMLib\AndroidManifest.xml
		ADDED from GameANDMakeFriend\IMLib\AndroidManifest.xml
		INJECTED from GameANDMakeFriend\IMLib\AndroidManifest.xml
	android:minSdkVersion
		INJECTED from GameANDMakeFriend\IMLib\AndroidManifest.xml
		ADDED from GameANDMakeFriend\IMLib\AndroidManifest.xml
		INJECTED from GameANDMakeFriend\IMLib\AndroidManifest.xml